Arguments: 
  C:\Program Files\nodejs\node.exe C:\Users\Upgrade\AppData\Roaming\npm\node_modules\yarn\bin\yarn.js install

PATH: 
  C:\Python311\Scripts\;C:\Python311\;C:\Windows\system32;C:\Windows;C:\Windows\System32\Wbem;C:\Windows\System32\WindowsPowerShell\v1.0\;C:\Windows\System32\OpenSSH\;C:\Program Files\dotnet\;C:\Program Files\Git\cmd;C:\ProgramData\chocolatey\bin;C:\Program Files\WireGuard\;C:\Program Files\nodejs\;C:\Users\Upgrade\AppData\Local\Microsoft\WindowsApps;C:\Users\Upgrade\AppData\Local\Programs\Microsoft VS Code\bin;C:\Users\Upgrade\AppData\Local\GitHubDesktop\bin;C:\Users\Upgrade\AppData\Roaming\npm

Yarn version: 
  1.22.19

Node version: 
  19.7.0

Platform: 
  win32 x64

Trace: 
  Error: https://npm.pkg.github.com/Chatbots-Studio/@chatbots-studio%2fcbs-platform-node-red-palette: Permission denied
      at params.callback [as _callback] (C:\Users\Upgrade\AppData\Roaming\npm\node_modules\yarn\lib\cli.js:66145:18)
      at self.callback (C:\Users\Upgrade\AppData\Roaming\npm\node_modules\yarn\lib\cli.js:140890:22)
      at Request.emit (node:events:512:28)
      at Request.<anonymous> (C:\Users\Upgrade\AppData\Roaming\npm\node_modules\yarn\lib\cli.js:141862:10)
      at Request.emit (node:events:512:28)
      at IncomingMessage.<anonymous> (C:\Users\Upgrade\AppData\Roaming\npm\node_modules\yarn\lib\cli.js:141784:12)
      at Object.onceWrapper (node:events:626:28)
      at IncomingMessage.emit (node:events:524:35)
      at endReadableNT (node:internal/streams/readable:1359:12)
      at process.processTicksAndRejections (node:internal/process/task_queues:82:21)

npm manifest: 
  {
      "name": "company-nodered-messanger",
      "description": "A Node-RED Project",
      "version": "0.2.4",
      "private": true,
      "dependencies": {
          "@chatbots-studio/cbs-platform-node-red-palette": "1.17.2",
          "@grpc/grpc-js": "^1.8.12",
          "moment": "^2.29.1",
          "moment-timezone": "^0.5.32",
          "node-red": "^3.0.0",
          "node-red-contrib-cryptography": "0.0.4",
          "node-red-debugger": "^1.1.1"
      }
  }

yarn manifest: 
  No manifest

Lockfile: 
  No lockfile
